<?xml version="1.0" encoding="UTF-8"?>
<!-- Generated by org.testng.reporters.JUnitXMLReporter -->
<testsuite ignored="0" hostname="DESKTOP-SJB4H09" failures="1" tests="3" name="Test" time="17.121" errors="0" timestamp="2022-04-18T15:44:13 IST">
  <testcase classname="com.asserte.Assertions" name="Launch" time="11.601"/>
  <testcase classname="com.asserte.Assertions" name="Facebook" time="5.235">
    <failure type="java.lang.AssertionError" message="expected:&amp;lt;FB Title&amp;gt; but was:&amp;lt;Facebook – log in or sign up&amp;gt;">
      <![CDATA[java.lang.AssertionError: expected:<FB Title> but was:<Facebook – log in or sign up>
at com.asserte.Assertions.Facebook(Assertions.java:30)
at java.base/java.util.ArrayList.forEach(ArrayList.java:1511)
... Removed 29 stack frames]]>
    </failure>
  </testcase> <!-- Facebook -->
  <testcase classname="com.asserte.Assertions" name="Login" time="0.0">
    <skipped/>
  </testcase> <!-- Login -->
</testsuite> <!-- Test -->
