<?xml version="1.0" encoding="UTF-8"?>
<!-- Generated by org.testng.reporters.JUnitXMLReporter -->
<testsuite ignored="0" hostname="DESKTOP-SJB4H09" failures="0" tests="3" name="Default test" time="20.909" errors="0" timestamp="2022-04-21T00:47:26 IST">
  <testcase classname="asserte.Assertions" name="Launch" time="10.399"/>
  <testcase classname="asserte.Assertions" name="Facebook" time="5.871"/>
  <testcase classname="asserte.Assertions" name="Login" time="4.521"/>
</testsuite> <!-- Default test -->
