<?xml version="1.0" encoding="UTF-8"?>
<!-- Generated by org.testng.reporters.JUnitXMLReporter -->
<testsuite ignored="0" hostname="DESKTOP-SJB4H09" failures="1" tests="1" name="Test" time="23.884" errors="0" timestamp="2022-04-18T19:19:15 IST">
  <testcase classname="com.example.NewTest" name="testEasy" time="22.872">
    <failure type="java.lang.AssertionError" message="expected:&amp;lt;FB Login&amp;gt; but was:&amp;lt;Facebook – log in or sign up&amp;gt;">
      <![CDATA[java.lang.AssertionError: expected:<FB Login> but was:<Facebook – log in or sign up>
at com.example.NewTest.testEasy(NewTest.java:21)
at java.base/java.util.ArrayList.forEach(ArrayList.java:1511)
... Removed 29 stack frames]]>
    </failure>
  </testcase> <!-- testEasy -->
</testsuite> <!-- Test -->
